Build started 10/16/2015 8:57:13 PM.
     1>Project "C:\Users\jimmy\Documents\GitHub\EECS366as5\as5\as5.vcxproj" on node 2 (Build target(s)).
     1>ClCompile:
         C:\Program Files (x86)\Microsoft Visual Studio 14.0\VC\bin\CL.exe /c /ZI /nologo /W3 /WX- /Od /Oy- /D WIN32 /D _DEBUG /D _CONSOLE /D _UNICODE /D UNICODE /Gm /EHsc /RTC1 /MDd /GS /fp:precise /Zc:wchar_t /Zc:forScope /Zc:inline /Fo"Debug\\" /Fd"Debug\vc140.pdb" /Gd /TP /analyze- /errorReport:prompt Assignment5TemplateClasses.cpp
         Assignment5TemplateClasses.cpp
     1>c:\users\jimmy\documents\github\eecs366as5\as5\assignment5templateclasses.cpp(45): warning C4996: 'fopen': This function or variable may be unsafe. Consider using fopen_s instead. To disable deprecation, use _CRT_SECURE_NO_WARNINGS. See online help for details.
         c:\program files (x86)\windows kits\10\include\10.0.10150.0\ucrt\stdio.h(205): note: see declaration of 'fopen'
     1>c:\users\jimmy\documents\github\eecs366as5\as5\assignment5templateclasses.cpp(58): warning C4996: 'fscanf': This function or variable may be unsafe. Consider using fscanf_s instead. To disable deprecation, use _CRT_SECURE_NO_WARNINGS. See online help for details.
         c:\program files (x86)\windows kits\10\include\10.0.10150.0\ucrt\stdio.h(1193): note: see declaration of 'fscanf'
     1>c:\users\jimmy\documents\github\eecs366as5\as5\assignment5templateclasses.cpp(77): warning C4996: 'fscanf': This function or variable may be unsafe. Consider using fscanf_s instead. To disable deprecation, use _CRT_SECURE_NO_WARNINGS. See online help for details.
         c:\program files (x86)\windows kits\10\include\10.0.10150.0\ucrt\stdio.h(1193): note: see declaration of 'fscanf'
     1>c:\users\jimmy\documents\github\eecs366as5\as5\assignment5templateclasses.cpp(253): warning C4996: 'fopen': This function or variable may be unsafe. Consider using fopen_s instead. To disable deprecation, use _CRT_SECURE_NO_WARNINGS. See online help for details.
         c:\program files (x86)\windows kits\10\include\10.0.10150.0\ucrt\stdio.h(205): note: see declaration of 'fopen'
     1>c:\users\jimmy\documents\github\eecs366as5\as5\assignment5templateclasses.cpp(269): warning C4996: 'fscanf': This function or variable may be unsafe. Consider using fscanf_s instead. To disable deprecation, use _CRT_SECURE_NO_WARNINGS. See online help for details.
         c:\program files (x86)\windows kits\10\include\10.0.10150.0\ucrt\stdio.h(1193): note: see declaration of 'fscanf'
     1>c:\users\jimmy\documents\github\eecs366as5\as5\assignment5templateclasses.cpp(280): warning C4996: 'fscanf': This function or variable may be unsafe. Consider using fscanf_s instead. To disable deprecation, use _CRT_SECURE_NO_WARNINGS. See online help for details.
         c:\program files (x86)\windows kits\10\include\10.0.10150.0\ucrt\stdio.h(1193): note: see declaration of 'fscanf'
       Link:
         C:\Program Files (x86)\Microsoft Visual Studio 14.0\VC\bin\link.exe /ERRORREPORT:PROMPT /OUT:"C:\Users\jimmy\Documents\GitHub\EECS366as5\as5\Debug\as5.exe" /INCREMENTAL /NOLOGO kernel32.lib user32.lib gdi32.lib winspool.lib comdlg32.lib advapi32.lib shell32.lib ole32.lib oleaut32.lib uuid.lib odbc32.lib odbccp32.lib opengl32.lib glut32.lib glu32.lib kernel32.lib user32.lib gdi32.lib winspool.lib comdlg32.lib advapi32.lib shell32.lib ole32.lib oleaut32.lib uuid.lib odbc32.lib odbccp32.lib /MANIFEST /MANIFESTUAC:"level='asInvoker' uiAccess='false'" /manifest:embed /Debug /PDB:"C:\Users\jimmy\Documents\GitHub\EECS366as5\as5\Debug\as5.pdb" /SUBSYSTEM:CONSOLE /TLBID:1 /DYNAMICBASE /NXCOMPAT /IMPLIB:"C:\Users\jimmy\Documents\GitHub\EECS366as5\as5\Debug\as5.lib" /MACHINE:X86 Debug\Assignment5Template.obj
         Debug\Assignment5TemplateClasses.obj
         as5.vcxproj -> C:\Users\jimmy\Documents\GitHub\EECS366as5\as5\Debug\as5.exe
     1>Done Building Project "C:\Users\jimmy\Documents\GitHub\EECS366as5\as5\as5.vcxproj" (Build target(s)).

Build succeeded.

Time Elapsed 00:00:00.79
